TN:
SF:src/main.tsx
FN:41,(anonymous_0)
FNF:1
FNH:0
FNDA:0,(anonymous_0)
DA:1,1
DA:2,1
DA:3,1
DA:4,1
DA:5,1
DA:6,1
DA:7,1
DA:8,1
DA:9,1
DA:10,1
DA:11,1
DA:13,1
DA:41,1
DA:42,0
DA:64,1
DA:86,1
DA:87,1
DA:88,0
DA:89,0
LF:19
LH:16
BRDA:87,0,0,0
BRF:1
BRH:0
end_of_record
TN:
SF:src/apis/axiosConfig.tsx
FNF:0
FNH:0
DA:1,5
DA:3,5
DA:9,5
LF:3
LH:3
BRF:0
BRH:0
end_of_record
TN:
SF:src/apis/battleService.tsx
FN:3,(anonymous_0)
FNF:1
FNH:0
FNDA:0,(anonymous_0)
DA:1,2
DA:3,2
DA:7,0
DA:8,0
DA:12,0
DA:14,0
LF:6
LH:2
BRF:0
BRH:0
end_of_record
TN:
SF:src/apis/cardsService.tsx
FN:22,(anonymous_0)
FN:48,(anonymous_1)
FNF:2
FNH:0
FNDA:0,(anonymous_0)
FNDA:0,(anonymous_1)
DA:2,2
DA:22,2
DA:27,0
DA:28,0
DA:30,0
DA:31,0
DA:33,0
DA:34,0
DA:36,0
DA:37,0
DA:40,0
DA:41,0
DA:42,0
DA:44,0
DA:48,2
DA:49,0
DA:50,0
DA:51,0
DA:53,0
LF:19
LH:3
BRDA:30,0,0,0
BRDA:33,1,0,0
BRDA:36,2,0,0
BRDA:40,3,0,0
BRDA:40,3,1,0
BRF:5
BRH:0
end_of_record
TN:
SF:src/apis/imagesServiceConfig.tsx
FNF:0
FNH:0
DA:1,4
DA:3,4
DA:9,4
LF:3
LH:3
BRF:0
BRH:0
end_of_record
TN:
SF:src/components/Footer.tsx
FN:4,(anonymous_0)
FN:11,(anonymous_1)
FN:24,(anonymous_2)
FNF:3
FNH:3
FNDA:1,(anonymous_0)
FNDA:1,(anonymous_1)
FNDA:1,(anonymous_2)
DA:2,2
DA:4,2
DA:5,1
DA:11,1
DA:24,1
DA:33,2
LF:6
LH:6
BRF:0
BRH:0
end_of_record
TN:
SF:src/components/Header.tsx
FN:11,(anonymous_0)
FN:15,(anonymous_1)
FN:27,(anonymous_2)
FNF:3
FNH:3
FNDA:1,(anonymous_0)
FNDA:1,(anonymous_1)
FNDA:2,(anonymous_2)
DA:2,2
DA:3,2
DA:4,2
DA:6,2
DA:11,2
DA:12,1
DA:15,1
DA:28,2
DA:37,2
LF:9
LH:9
BRF:0
BRH:0
end_of_record
TN:
SF:src/components/PokemonCard.tsx
FN:14,(anonymous_0)
FN:71,(anonymous_1)
FN:74,(anonymous_2)
FN:75,(anonymous_3)
FNF:4
FNH:4
FNDA:7,(anonymous_0)
FNDA:7,(anonymous_1)
FNDA:5,(anonymous_2)
FNDA:5,(anonymous_3)
DA:1,4
DA:2,4
DA:3,4
DA:4,4
DA:5,4
DA:6,4
DA:7,4
DA:14,7
DA:27,4
DA:37,4
DA:43,4
DA:52,4
DA:58,4
DA:66,4
DA:71,4
DA:72,7
DA:74,7
DA:75,5
DA:76,5
DA:77,5
DA:78,5
DA:79,2
DA:81,0
DA:85,5
DA:88,7
DA:163,4
LF:26
LH:25
BRDA:24,0,0,7
BRDA:24,0,1,2
BRF:2
BRH:2
end_of_record
TN:
SF:src/components/SearchFilters.tsx
FN:23,(anonymous_0)
FN:30,(anonymous_1)
FN:31,(anonymous_2)
FN:42,(anonymous_3)
FN:43,(anonymous_4)
FN:56,(anonymous_5)
FN:62,(anonymous_6)
FN:67,(anonymous_7)
FN:97,(anonymous_8)
FN:119,(anonymous_9)
FN:147,(anonymous_10)
FNF:11
FNH:5
FNDA:4,(anonymous_0)
FNDA:4,(anonymous_1)
FNDA:4,(anonymous_2)
FNDA:4,(anonymous_3)
FNDA:4,(anonymous_4)
FNDA:0,(anonymous_5)
FNDA:0,(anonymous_6)
FNDA:0,(anonymous_7)
FNDA:0,(anonymous_8)
FNDA:0,(anonymous_9)
FNDA:0,(anonymous_10)
DA:1,3
DA:2,3
DA:11,3
DA:12,3
DA:23,3
DA:24,4
DA:25,4
DA:26,4
DA:27,4
DA:28,4
DA:30,4
DA:31,4
DA:32,4
DA:33,4
DA:34,4
DA:36,0
DA:39,4
DA:42,4
DA:43,4
DA:44,4
DA:45,4
DA:46,4
DA:48,0
DA:51,4
DA:55,4
DA:57,0
DA:62,4
DA:63,0
DA:64,0
DA:67,4
DA:68,0
DA:70,0
DA:71,0
DA:72,0
DA:74,0
DA:75,0
DA:76,0
DA:80,4
DA:97,0
DA:120,0
DA:148,0
DA:161,3
LF:42
LH:27
BRDA:68,0,0,0
BRDA:68,0,1,0
BRDA:113,1,0,4
BRDA:113,1,1,0
BRDA:118,2,0,4
BRDA:118,2,1,0
BRDA:141,3,0,4
BRDA:141,3,1,0
BRDA:146,4,0,4
BRDA:146,4,1,0
BRF:10
BRH:4
end_of_record
TN:
SF:src/context/CardsContext.tsx
FN:23,(anonymous_0)
FN:31,(anonymous_1)
FN:36,(anonymous_2)
FN:49,(anonymous_3)
FNF:4
FNH:4
FNDA:7,(anonymous_0)
FNDA:2,(anonymous_1)
FNDA:2,(anonymous_2)
FNDA:1,(anonymous_3)
DA:1,3
DA:9,3
DA:21,3
DA:23,3
DA:24,7
DA:25,6
DA:26,4
DA:28,2
DA:31,3
DA:34,2
DA:36,2
DA:41,2
DA:42,2
DA:43,2
DA:45,0
DA:49,2
DA:50,1
DA:53,2
LF:18
LH:17
BRDA:25,0,0,4
BRF:1
BRH:1
end_of_record
TN:
SF:src/types/index.tsx
FNF:0
FNH:0
DA:9,5
LF:1
LH:1
BRF:0
BRH:0
end_of_record
TN:
SF:src/types/enums/Colors.tsx
FN:1,(anonymous_0)
FNF:1
FNH:1
FNDA:5,(anonymous_0)
DA:1,5
DA:2,5
DA:3,5
DA:4,5
DA:5,5
DA:6,5
DA:7,5
DA:8,5
DA:9,5
DA:10,5
DA:11,5
DA:12,5
LF:12
LH:12
BRDA:1,0,0,5
BRDA:1,0,1,5
BRF:2
BRH:2
end_of_record
TN:
SF:src/utils/debounce.tsx
FN:2,(anonymous_0)
FN:4,(anonymous_1)
FN:6,(anonymous_2)
FNF:3
FNH:3
FNDA:2,(anonymous_0)
FNDA:4,(anonymous_1)
FNDA:2,(anonymous_2)
DA:2,1
DA:4,2
DA:5,4
DA:6,4
DA:7,2
LF:5
LH:5
BRF:0
BRH:0
end_of_record
TN:
SF:src/utils/getRarityIcon.tsx
FN:22,(anonymous_0)
FNF:1
FNH:1
FNDA:10,(anonymous_0)
DA:1,5
DA:2,5
DA:3,5
DA:4,5
DA:11,5
DA:22,5
DA:23,10
DA:24,10
LF:8
LH:8
BRDA:24,0,0,10
BRDA:24,0,1,0
BRF:2
BRH:1
end_of_record
TN:
SF:src/utils/getTypeIcon.tsx
FN:35,(anonymous_0)
FNF:1
FNH:1
FNDA:23,(anonymous_0)
DA:1,5
DA:2,5
DA:3,5
DA:4,5
DA:5,5
DA:6,5
DA:7,5
DA:8,5
DA:9,5
DA:10,5
DA:11,5
DA:12,5
DA:13,5
DA:21,5
DA:35,5
DA:36,23
DA:38,23
DA:39,2
DA:42,21
DA:44,21
DA:51,21
LF:21
LH:21
BRDA:38,0,0,2
BRDA:48,1,0,21
BRDA:48,1,1,1
BRF:3
BRH:3
end_of_record
TN:
SF:src/views/About.tsx
FN:4,(anonymous_0)
FNF:1
FNH:1
FNDA:1,(anonymous_0)
DA:2,2
DA:4,2
DA:5,1
DA:26,2
LF:4
LH:4
BRF:0
BRH:0
end_of_record
TN:
SF:src/views/CardDetail.tsx
FN:30,(anonymous_0)
FN:38,(anonymous_1)
FN:42,(anonymous_2)
FN:52,(anonymous_3)
FN:58,(anonymous_4)
FN:62,(anonymous_5)
FN:66,(anonymous_6)
FN:124,(anonymous_7)
FN:138,(anonymous_8)
FNF:9
FNH:5
FNDA:2,(anonymous_0)
FNDA:1,(anonymous_1)
FNDA:1,(anonymous_2)
FNDA:1,(anonymous_3)
FNDA:0,(anonymous_4)
FNDA:0,(anonymous_5)
FNDA:0,(anonymous_6)
FNDA:1,(anonymous_7)
FNDA:0,(anonymous_8)
DA:1,2
DA:12,2
DA:13,2
DA:14,2
DA:15,2
DA:16,2
DA:17,2
DA:20,2
DA:30,2
DA:31,2
DA:32,2
DA:33,2
DA:34,2
DA:35,2
DA:38,2
DA:39,1
DA:42,2
DA:43,1
DA:44,1
DA:46,1
DA:48,0
DA:52,2
DA:53,1
DA:54,1
DA:58,2
DA:59,0
DA:62,2
DA:63,0
DA:66,2
DA:67,0
DA:68,0
DA:69,0
DA:70,0
DA:74,0
DA:76,0
DA:80,2
DA:82,1
DA:125,1
DA:138,0
DA:158,2
LF:40
LH:30
BRDA:53,0,0,1
BRDA:80,1,0,1
BRDA:145,2,0,1
BRDA:145,2,1,0
BRDA:149,3,0,0
BRDA:149,3,1,0
BRF:6
BRH:3
end_of_record
TN:
SF:src/views/Home.tsx
FN:8,(anonymous_0)
FN:12,(anonymous_1)
FN:16,(anonymous_2)
FN:38,(anonymous_3)
FN:43,(anonymous_4)
FNF:5
FNH:3
FNDA:3,(anonymous_0)
FNDA:2,(anonymous_1)
FNDA:0,(anonymous_2)
FNDA:2,(anonymous_3)
FNDA:0,(anonymous_4)
DA:1,2
DA:2,2
DA:3,2
DA:4,2
DA:5,2
DA:6,2
DA:8,2
DA:9,3
DA:10,3
DA:12,2
DA:13,2
DA:16,2
DA:17,0
DA:20,2
DA:39,2
DA:43,0
DA:52,2
LF:17
LH:15
BRDA:30,0,0,2
BRDA:30,0,1,2
BRDA:30,0,2,0
BRDA:37,1,0,2
BRDA:37,1,1,2
BRF:5
BRH:4
end_of_record
